{"/Users/ubear/Workspace/mas/datafiller-data/src/agreements.ts": {"path":"/Users/ubear/Workspace/mas/datafiller-data/src/agreements.ts","statementMap":{"0":{"start":{"line":1,"column":0},"end":{"line":1,"column":31}},"1":{"start":{"line":22,"column":2},"end":{"line":27,"column":44}},"2":{"start":{"line":23,"column":12},"end":{"line":23,"column":15}},"3":{"start":{"line":23,"column":17},"end":{"line":23,"column":23}},"4":{"start":{"line":23,"column":30},"end":{"line":26,"column":7}},"5":{"start":{"line":25,"column":45},"end":{"line":25,"column":72}},"6":{"start":{"line":27,"column":20},"end":{"line":27,"column":43}},"7":{"start":{"line":19,"column":0},"end":{"line":19,"column":16}},"8":{"start":{"line":33,"column":19},"end":{"line":35,"column":null}},"9":{"start":{"line":33,"column":8},"end":{"line":35,"column":null}},"10":{"start":{"line":36,"column":52},"end":{"line":36,"column":null}},"11":{"start":{"line":36,"column":8},"end":{"line":36,"column":null}},"12":{"start":{"line":37,"column":2},"end":{"line":37,"column":39}},"13":{"start":{"line":30,"column":0},"end":{"line":30,"column":22}},"14":{"start":{"line":40,"column":0},"end":{"line":47,"column":null}},"15":{"start":{"line":41,"column":2},"end":{"line":46,"column":42}},"16":{"start":{"line":43,"column":6},"end":{"line":43,"column":49}},"17":{"start":{"line":44,"column":6},"end":{"line":44,"column":42}},"18":{"start":{"line":46,"column":20},"end":{"line":46,"column":41}}},"fnMap":{"0":{"name":"processAgreements","decl":{"start":{"line":19,"column":16},"end":{"line":19,"column":33}},"loc":{"start":{"line":20,"column":28},"end":{"line":28,"column":1}}},"1":{"name":"(anonymous_14)","decl":{"start":{"line":23,"column":9},"end":{"line":23,"column":10}},"loc":{"start":{"line":23,"column":25},"end":{"line":23,"column":31}}},"2":{"name":"(anonymous_15)","decl":{"start":{"line":25,"column":36},"end":{"line":25,"column":41}},"loc":{"start":{"line":25,"column":41},"end":{"line":25,"column":50}}},"3":{"name":"(anonymous_16)","decl":{"start":{"line":27,"column":12},"end":{"line":27,"column":16}},"loc":{"start":{"line":27,"column":16},"end":{"line":27,"column":24}}},"4":{"name":"getAgreementArticles","decl":{"start":{"line":30,"column":22},"end":{"line":30,"column":42}},"loc":{"start":{"line":31,"column":17},"end":{"line":38,"column":null}}},"5":{"name":"(anonymous_20)","decl":{"start":{"line":42,"column":10},"end":{"line":42,"column":14}},"loc":{"start":{"line":42,"column":14},"end":{"line":45,"column":5}}},"6":{"name":"(anonymous_21)","decl":{"start":{"line":46,"column":11},"end":{"line":46,"column":16}},"loc":{"start":{"line":46,"column":16},"end":{"line":46,"column":27}}}},"branchMap":{"0":{"loc":{"start":{"line":25,"column":15},"end":{"line":25,"column":21}},"type":"binary-expr","locations":[{"start":{"line":25,"column":15},"end":{"line":25,"column":21}},{"start":{"line":25,"column":25},"end":{"line":25,"column":27}}]},"1":{"loc":{"start":{"line":33,"column":19},"end":{"line":35,"column":null}},"type":"switch","locations":[{"start":{"line":33,"column":19},"end":{"line":35,"column":null}}]},"2":{"loc":{"start":{"line":40,"column":0},"end":{"line":47,"column":null}},"type":"if","locations":[{"start":{"line":40,"column":0},"end":{"line":47,"column":null}},{"start":{"line":40,"column":0},"end":{"line":47,"column":null}}]}},"s":{"0":1,"1":1,"2":3,"3":3,"4":3,"5":2,"6":3,"7":1,"8":0,"9":0,"10":0,"11":0,"12":0,"13":1,"14":1,"15":0,"16":0,"17":0,"18":0},"f":{"0":1,"1":3,"2":2,"3":3,"4":0,"5":0,"6":0},"b":{"0":[3,0],"1":[0],"2":[0,1]}}
,"/Users/ubear/Workspace/mas/datafiller-data/src/decodeHtml.ts": {"path":"/Users/ubear/Workspace/mas/datafiller-data/src/decodeHtml.ts","statementMap":{"0":{"start":{"line":4,"column":17},"end":{"line":15,"column":2}},"1":{"start":{"line":18,"column":2},"end":{"line":21,"column":4}},"2":{"start":{"line":20,"column":39},"end":{"line":20,"column":null}},"3":{"start":{"line":17,"column":0},"end":{"line":17,"column":16}}},"fnMap":{"0":{"name":"decodeHTML","decl":{"start":{"line":17,"column":16},"end":{"line":17,"column":26}},"loc":{"start":{"line":17,"column":31},"end":{"line":22,"column":1}}},"1":{"name":"(anonymous_1)","decl":{"start":{"line":20,"column":4},"end":{"line":20,"column":5}},"loc":{"start":{"line":20,"column":34},"end":{"line":20,"column":47}}}},"branchMap":{"0":{"loc":{"start":{"line":20,"column":39},"end":{"line":20,"column":55}},"type":"binary-expr","locations":[{"start":{"line":20,"column":39},"end":{"line":20,"column":55}},{"start":{"line":20,"column":59},"end":{"line":20,"column":64}}]}},"s":{"0":1,"1":0,"2":0,"3":1},"f":{"0":0,"1":0},"b":{"0":[0,0]}}
,"/Users/ubear/Workspace/mas/datafiller-data/src/externalDocs.ts": {"path":"/Users/ubear/Workspace/mas/datafiller-data/src/externalDocs.ts","statementMap":{"0":{"start":{"line":1,"column":0},"end":{"line":1,"column":31}},"1":{"start":{"line":14,"column":2},"end":{"line":22,"column":43}},"2":{"start":{"line":15,"column":12},"end":{"line":15,"column":17}},"3":{"start":{"line":15,"column":19},"end":{"line":15,"column":23}},"4":{"start":{"line":15,"column":30},"end":{"line":21,"column":7}},"5":{"start":{"line":19,"column":20},"end":{"line":19,"column":31}},"6":{"start":{"line":22,"column":15},"end":{"line":22,"column":19}},"7":{"start":{"line":22,"column":26},"end":{"line":22,"column":42}},"8":{"start":{"line":13,"column":0},"end":{"line":13,"column":16}},"9":{"start":{"line":28,"column":19},"end":{"line":30,"column":null}},"10":{"start":{"line":28,"column":8},"end":{"line":30,"column":null}},"11":{"start":{"line":31,"column":49},"end":{"line":31,"column":null}},"12":{"start":{"line":31,"column":8},"end":{"line":31,"column":null}},"13":{"start":{"line":32,"column":2},"end":{"line":32,"column":41}},"14":{"start":{"line":25,"column":0},"end":{"line":25,"column":22}},"15":{"start":{"line":35,"column":0},"end":{"line":42,"column":null}},"16":{"start":{"line":36,"column":2},"end":{"line":41,"column":42}},"17":{"start":{"line":38,"column":6},"end":{"line":38,"column":49}},"18":{"start":{"line":39,"column":6},"end":{"line":39,"column":58}},"19":{"start":{"line":41,"column":20},"end":{"line":41,"column":41}}},"fnMap":{"0":{"name":"processExternalDocs","decl":{"start":{"line":13,"column":16},"end":{"line":13,"column":35}},"loc":{"start":{"line":13,"column":59},"end":{"line":23,"column":1}}},"1":{"name":"(anonymous_16)","decl":{"start":{"line":15,"column":9},"end":{"line":15,"column":10}},"loc":{"start":{"line":15,"column":25},"end":{"line":15,"column":31}}},"2":{"name":"(anonymous_17)","decl":{"start":{"line":19,"column":13},"end":{"line":19,"column":16}},"loc":{"start":{"line":19,"column":16},"end":{"line":19,"column":23}}},"3":{"name":"(anonymous_18)","decl":{"start":{"line":22,"column":12},"end":{"line":22,"column":13}},"loc":{"start":{"line":22,"column":21},"end":{"line":22,"column":30}}},"4":{"name":"getExternalDocUrl","decl":{"start":{"line":25,"column":22},"end":{"line":25,"column":39}},"loc":{"start":{"line":26,"column":17},"end":{"line":33,"column":null}}},"5":{"name":"(anonymous_22)","decl":{"start":{"line":37,"column":10},"end":{"line":37,"column":14}},"loc":{"start":{"line":37,"column":14},"end":{"line":40,"column":5}}},"6":{"name":"(anonymous_23)","decl":{"start":{"line":41,"column":11},"end":{"line":41,"column":16}},"loc":{"start":{"line":41,"column":16},"end":{"line":41,"column":27}}}},"branchMap":{"0":{"loc":{"start":{"line":28,"column":19},"end":{"line":30,"column":null}},"type":"switch","locations":[{"start":{"line":28,"column":19},"end":{"line":30,"column":null}}]},"1":{"loc":{"start":{"line":35,"column":0},"end":{"line":42,"column":null}},"type":"if","locations":[{"start":{"line":35,"column":0},"end":{"line":42,"column":null}},{"start":{"line":35,"column":0},"end":{"line":42,"column":null}}]}},"s":{"0":1,"1":1,"2":2,"3":2,"4":2,"5":10,"6":2,"7":2,"8":1,"9":0,"10":0,"11":0,"12":0,"13":0,"14":1,"15":1,"16":0,"17":0,"18":0,"19":0},"f":{"0":1,"1":2,"2":10,"3":2,"4":0,"5":0,"6":0},"b":{"0":[0],"1":[0,1]}}
,"/Users/ubear/Workspace/mas/datafiller-data/src/glossary.ts": {"path":"/Users/ubear/Workspace/mas/datafiller-data/src/glossary.ts","statementMap":{"0":{"start":{"line":1,"column":0},"end":{"line":1,"column":31}},"1":{"start":{"line":2,"column":0},"end":{"line":2,"column":33}},"2":{"start":{"line":3,"column":0},"end":{"line":3,"column":36}},"3":{"start":{"line":6,"column":17},"end":{"line":6,"column":55}},"4":{"start":{"line":25,"column":2},"end":{"line":47,"column":6}},"5":{"start":{"line":26,"column":20},"end":{"line":26,"column":50}},"6":{"start":{"line":27,"column":17},"end":{"line":44,"column":7}},"7":{"start":{"line":34,"column":22},"end":{"line":34,"column":31}},"8":{"start":{"line":45,"column":13},"end":{"line":45,"column":26}},"9":{"start":{"line":45,"column":32},"end":{"line":45,"column":45}},"10":{"start":{"line":46,"column":6},"end":{"line":46,"column":null}},"11":{"start":{"line":24,"column":0},"end":{"line":24,"column":16}},"12":{"start":{"line":51,"column":19},"end":{"line":53,"column":null}},"13":{"start":{"line":51,"column":8},"end":{"line":53,"column":null}},"14":{"start":{"line":54,"column":50},"end":{"line":54,"column":null}},"15":{"start":{"line":54,"column":8},"end":{"line":54,"column":null}},"16":{"start":{"line":55,"column":2},"end":{"line":55,"column":37}},"17":{"start":{"line":50,"column":0},"end":{"line":50,"column":22}},"18":{"start":{"line":58,"column":0},"end":{"line":65,"column":null}},"19":{"start":{"line":59,"column":2},"end":{"line":64,"column":42}},"20":{"start":{"line":61,"column":6},"end":{"line":61,"column":49}},"21":{"start":{"line":62,"column":6},"end":{"line":62,"column":54}},"22":{"start":{"line":64,"column":20},"end":{"line":64,"column":41}}},"fnMap":{"0":{"name":"processGlossary","decl":{"start":{"line":24,"column":16},"end":{"line":24,"column":31}},"loc":{"start":{"line":24,"column":56},"end":{"line":48,"column":1}}},"1":{"name":"(anonymous_16)","decl":{"start":{"line":26,"column":12},"end":{"line":26,"column":16}},"loc":{"start":{"line":26,"column":16},"end":{"line":26,"column":24}}},"2":{"name":"(anonymous_17)","decl":{"start":{"line":27,"column":9},"end":{"line":27,"column":13}},"loc":{"start":{"line":27,"column":13},"end":{"line":27,"column":18}}},"3":{"name":"(anonymous_18)","decl":{"start":{"line":34,"column":17},"end":{"line":34,"column":18}},"loc":{"start":{"line":34,"column":18},"end":{"line":34,"column":23}}},"4":{"name":"(anonymous_19)","decl":{"start":{"line":45,"column":10},"end":{"line":45,"column":11}},"loc":{"start":{"line":45,"column":47},"end":{"line":46,"column":12}}},"5":{"name":"getGlossary","decl":{"start":{"line":50,"column":22},"end":{"line":50,"column":33}},"loc":{"start":{"line":50,"column":49},"end":{"line":56,"column":null}}},"6":{"name":"(anonymous_23)","decl":{"start":{"line":60,"column":10},"end":{"line":60,"column":14}},"loc":{"start":{"line":60,"column":14},"end":{"line":63,"column":5}}},"7":{"name":"(anonymous_24)","decl":{"start":{"line":64,"column":11},"end":{"line":64,"column":16}},"loc":{"start":{"line":64,"column":16},"end":{"line":64,"column":27}}}},"branchMap":{"0":{"loc":{"start":{"line":26,"column":20},"end":{"line":26,"column":30}},"type":"binary-expr","locations":[{"start":{"line":26,"column":20},"end":{"line":26,"column":30}},{"start":{"line":26,"column":34},"end":{"line":26,"column":49}}]},"1":{"loc":{"start":{"line":32,"column":11},"end":{"line":32,"column":24}},"type":"binary-expr","locations":[{"start":{"line":32,"column":11},"end":{"line":32,"column":24}},{"start":{"line":32,"column":28},"end":{"line":32,"column":30}}]},"2":{"loc":{"start":{"line":51,"column":19},"end":{"line":53,"column":null}},"type":"switch","locations":[{"start":{"line":51,"column":19},"end":{"line":53,"column":null}}]},"3":{"loc":{"start":{"line":58,"column":0},"end":{"line":65,"column":null}},"type":"if","locations":[{"start":{"line":58,"column":0},"end":{"line":65,"column":null}},{"start":{"line":58,"column":0},"end":{"line":65,"column":null}}]}},"s":{"0":1,"1":1,"2":1,"3":1,"4":1,"5":3,"6":2,"7":8,"8":1,"9":1,"10":1,"11":1,"12":0,"13":0,"14":0,"15":0,"16":0,"17":1,"18":1,"19":0,"20":0,"21":0,"22":0},"f":{"0":1,"1":3,"2":2,"3":8,"4":1,"5":0,"6":0,"7":0},"b":{"0":[3,2],"1":[2,0],"2":[0],"3":[0,1]}}
,"/Users/ubear/Workspace/mas/datafiller-data/src/savedRequests.ts": {"path":"/Users/ubear/Workspace/mas/datafiller-data/src/savedRequests.ts","statementMap":{"0":{"start":{"line":1,"column":0},"end":{"line":1,"column":31}},"1":{"start":{"line":3,"column":0},"end":{"line":3,"column":42}},"2":{"start":{"line":4,"column":0},"end":{"line":4,"column":41}},"3":{"start":{"line":5,"column":0},"end":{"line":5,"column":42}},"4":{"start":{"line":19,"column":23},"end":{"line":19,"column":70}},"5":{"start":{"line":19,"column":52},"end":{"line":19,"column":70}},"6":{"start":{"line":24,"column":17},"end":{"line":24,"column":null}},"7":{"start":{"line":24,"column":46},"end":{"line":24,"column":55}},"8":{"start":{"line":24,"column":10},"end":{"line":24,"column":null}},"9":{"start":{"line":25,"column":10},"end":{"line":25,"column":59}},"10":{"start":{"line":26,"column":4},"end":{"line":28,"column":null}},"11":{"start":{"line":27,"column":6},"end":{"line":27,"column":36}},"12":{"start":{"line":30,"column":4},"end":{"line":30,"column":54}},"13":{"start":{"line":31,"column":4},"end":{"line":31,"column":21}},"14":{"start":{"line":33,"column":2},"end":{"line":33,"column":13}},"15":{"start":{"line":37,"column":2},"end":{"line":39,"column":null}},"16":{"start":{"line":38,"column":4},"end":{"line":38,"column":39}},"17":{"start":{"line":40,"column":2},"end":{"line":42,"column":null}},"18":{"start":{"line":41,"column":4},"end":{"line":41,"column":34}},"19":{"start":{"line":43,"column":2},"end":{"line":43,"column":35}},"20":{"start":{"line":49,"column":11},"end":{"line":49,"column":null}},"21":{"start":{"line":47,"column":2},"end":{"line":51,"column":null}},"22":{"start":{"line":57,"column":8},"end":{"line":68,"column":5}},"23":{"start":{"line":57,"column":51},"end":{"line":68,"column":4}},"24":{"start":{"line":61,"column":12},"end":{"line":66,"column":null}},"25":{"start":{"line":63,"column":20},"end":{"line":63,"column":23}},"26":{"start":{"line":63,"column":29},"end":{"line":63,"column":42}},"27":{"start":{"line":58,"column":4},"end":{"line":67,"column":null}},"28":{"start":{"line":69,"column":2},"end":{"line":69,"column":27}},"29":{"start":{"line":54,"column":0},"end":{"line":54,"column":22}},"30":{"start":{"line":75,"column":19},"end":{"line":77,"column":null}},"31":{"start":{"line":75,"column":8},"end":{"line":77,"column":null}},"32":{"start":{"line":78,"column":51},"end":{"line":78,"column":null}},"33":{"start":{"line":78,"column":8},"end":{"line":78,"column":null}},"34":{"start":{"line":79,"column":2},"end":{"line":79,"column":37}},"35":{"start":{"line":72,"column":0},"end":{"line":72,"column":22}},"36":{"start":{"line":82,"column":0},"end":{"line":89,"column":null}},"37":{"start":{"line":83,"column":2},"end":{"line":88,"column":44}},"38":{"start":{"line":85,"column":6},"end":{"line":85,"column":49}},"39":{"start":{"line":86,"column":6},"end":{"line":86,"column":58}},"40":{"start":{"line":88,"column":22},"end":{"line":88,"column":43}}},"fnMap":{"0":{"name":"(anonymous_13)","decl":{"start":{"line":19,"column":32},"end":{"line":19,"column":33}},"loc":{"start":{"line":19,"column":47},"end":{"line":19,"column":55}}},"1":{"name":"getPageTitle","decl":{"start":{"line":22,"column":15},"end":{"line":22,"column":27}},"loc":{"start":{"line":22,"column":39},"end":{"line":34,"column":null}}},"2":{"name":"(anonymous_17)","decl":{"start":{"line":24,"column":39},"end":{"line":24,"column":40}},"loc":{"start":{"line":24,"column":41},"end":{"line":24,"column":47}}},"3":{"name":"getTitle","decl":{"start":{"line":36,"column":9},"end":{"line":36,"column":17}},"loc":{"start":{"line":36,"column":33},"end":{"line":44,"column":1}}},"4":{"name":"fixRefsTitles","decl":{"start":{"line":46,"column":15},"end":{"line":46,"column":28}},"loc":{"start":{"line":46,"column":43},"end":{"line":52,"column":null}}},"5":{"name":"processRequests","decl":{"start":{"line":54,"column":22},"end":{"line":54,"column":37}},"loc":{"start":{"line":55,"column":27},"end":{"line":70,"column":null}}},"6":{"name":"(anonymous_25)","decl":{"start":{"line":57,"column":40},"end":{"line":57,"column":47}},"loc":{"start":{"line":57,"column":51},"end":{"line":68,"column":4}}},"7":{"name":"(anonymous_26)","decl":{"start":{"line":57,"column":51},"end":{"line":57,"column":null}},"loc":{"start":{"line":57,"column":51},"end":{"line":68,"column":4}}},"8":{"name":"(anonymous_28)","decl":{"start":{"line":63,"column":18},"end":{"line":63,"column":19}},"loc":{"start":{"line":63,"column":24},"end":{"line":63,"column":36}}},"9":{"name":"getSavedRequests","decl":{"start":{"line":72,"column":22},"end":{"line":72,"column":38}},"loc":{"start":{"line":73,"column":17},"end":{"line":80,"column":null}}},"10":{"name":"(anonymous_32)","decl":{"start":{"line":84,"column":10},"end":{"line":84,"column":11}},"loc":{"start":{"line":84,"column":15},"end":{"line":87,"column":5}}},"11":{"name":"(anonymous_33)","decl":{"start":{"line":88,"column":11},"end":{"line":88,"column":12}},"loc":{"start":{"line":88,"column":17},"end":{"line":88,"column":29}}}},"branchMap":{"0":{"loc":{"start":{"line":19,"column":52},"end":{"line":19,"column":64}},"type":"binary-expr","locations":[{"start":{"line":19,"column":52},"end":{"line":19,"column":64}},{"start":{"line":19,"column":68},"end":{"line":19,"column":69}}]},"1":{"loc":{"start":{"line":33,"column":2},"end":{"line":33,"column":13}},"type":"switch","locations":[{"start":{"line":33,"column":2},"end":{"line":33,"column":13}}]},"2":{"loc":{"start":{"line":26,"column":4},"end":{"line":28,"column":null}},"type":"if","locations":[{"start":{"line":26,"column":4},"end":{"line":28,"column":null}},{"start":{"line":26,"column":4},"end":{"line":28,"column":null}}]},"3":{"loc":{"start":{"line":37,"column":2},"end":{"line":39,"column":null}},"type":"if","locations":[{"start":{"line":37,"column":2},"end":{"line":39,"column":null}},{"start":{"line":37,"column":2},"end":{"line":39,"column":null}}]},"4":{"loc":{"start":{"line":40,"column":2},"end":{"line":42,"column":null}},"type":"if","locations":[{"start":{"line":40,"column":2},"end":{"line":42,"column":null}},{"start":{"line":40,"column":2},"end":{"line":42,"column":null}}]},"5":{"loc":{"start":{"line":40,"column":6},"end":{"line":40,"column":14}},"type":"binary-expr","locations":[{"start":{"line":40,"column":6},"end":{"line":40,"column":14}},{"start":{"line":40,"column":18},"end":{"line":40,"column":48}}]},"6":{"loc":{"start":{"line":47,"column":2},"end":{"line":51,"column":null}},"type":"switch","locations":[{"start":{"line":47,"column":2},"end":{"line":51,"column":null}}]},"7":{"loc":{"start":{"line":58,"column":4},"end":{"line":67,"column":null}},"type":"switch","locations":[{"start":{"line":58,"column":4},"end":{"line":67,"column":null}}]},"8":{"loc":{"start":{"line":75,"column":19},"end":{"line":77,"column":null}},"type":"switch","locations":[{"start":{"line":75,"column":19},"end":{"line":77,"column":null}}]},"9":{"loc":{"start":{"line":82,"column":0},"end":{"line":89,"column":null}},"type":"if","locations":[{"start":{"line":82,"column":0},"end":{"line":89,"column":null}},{"start":{"line":82,"column":0},"end":{"line":89,"column":null}}]}},"s":{"0":1,"1":1,"2":1,"3":1,"4":1,"5":4,"6":0,"7":0,"8":0,"9":0,"10":0,"11":0,"12":0,"13":0,"14":0,"15":2,"16":2,"17":0,"18":0,"19":0,"20":2,"21":2,"22":1,"23":1,"24":1,"25":3,"26":3,"27":1,"28":1,"29":1,"30":0,"31":0,"32":0,"33":0,"34":0,"35":1,"36":1,"37":0,"38":0,"39":0,"40":0},"f":{"0":4,"1":0,"2":0,"3":2,"4":2,"5":1,"6":1,"7":1,"8":3,"9":0,"10":0,"11":0},"b":{"0":[4,0],"1":[0],"2":[0,0],"3":[2,0],"4":[0,0],"5":[0,0],"6":[2],"7":[1],"8":[0],"9":[0,1]}}
,"/Users/ubear/Workspace/mas/datafiller-data/src/sort.ts": {"path":"/Users/ubear/Workspace/mas/datafiller-data/src/sort.ts","statementMap":{"0":{"start":{"line":1,"column":0},"end":{"line":1,"column":null}},"1":{"start":{"line":9,"column":24},"end":{"line":14,"column":2}},"2":{"start":{"line":16,"column":18},"end":{"line":22,"column":1}},"3":{"start":{"line":17,"column":8},"end":{"line":17,"column":11}},"4":{"start":{"line":17,"column":11},"end":{"line":17,"column":44}},"5":{"start":{"line":18,"column":2},"end":{"line":20,"column":null}},"6":{"start":{"line":19,"column":4},"end":{"line":19,"column":48}},"7":{"start":{"line":21,"column":2},"end":{"line":21,"column":27}},"8":{"start":{"line":24,"column":13},"end":{"line":30,"column":45}},"9":{"start":{"line":24,"column":59},"end":{"line":30,"column":45}},"10":{"start":{"line":28,"column":2},"end":{"line":30,"column":45}},"11":{"start":{"line":33,"column":13},"end":{"line":41,"column":2}},"12":{"start":{"line":33,"column":30},"end":{"line":41,"column":2}},"13":{"start":{"line":34,"column":2},"end":{"line":39,"column":null}},"14":{"start":{"line":35,"column":4},"end":{"line":38,"column":6}},"15":{"start":{"line":40,"column":2},"end":{"line":40,"column":23}},"16":{"start":{"line":43,"column":13},"end":{"line":43,"column":71}},"17":{"start":{"line":43,"column":61},"end":{"line":43,"column":71}},"18":{"start":{"line":45,"column":13},"end":{"line":46,"column":34}},"19":{"start":{"line":46,"column":2},"end":{"line":46,"column":34}},"20":{"start":{"line":49,"column":13},"end":{"line":52,"column":3}},"21":{"start":{"line":49,"column":33},"end":{"line":52,"column":3}},"22":{"start":{"line":49,"column":63},"end":{"line":52,"column":3}},"23":{"start":{"line":54,"column":13},"end":{"line":54,"column":72}},"24":{"start":{"line":54,"column":57},"end":{"line":54,"column":71}},"25":{"start":{"line":55,"column":13},"end":{"line":55,"column":75}},"26":{"start":{"line":55,"column":58},"end":{"line":55,"column":74}}},"fnMap":{"0":{"name":"(anonymous_3)","decl":{"start":{"line":16,"column":18},"end":{"line":16,"column":19}},"loc":{"start":{"line":16,"column":30},"end":{"line":22,"column":1}}},"1":{"name":"(anonymous_4)","decl":{"start":{"line":24,"column":25},"end":{"line":24,"column":48}},"loc":{"start":{"line":24,"column":54},"end":{"line":24,"column":null}}},"2":{"name":"(anonymous_5)","decl":{"start":{"line":24,"column":59},"end":{"line":24,"column":null}},"loc":{"start":{"line":26,"column":6},"end":{"line":28,"column":9}}},"3":{"name":"(anonymous_6)","decl":{"start":{"line":33,"column":24},"end":{"line":33,"column":26}},"loc":{"start":{"line":33,"column":26},"end":{"line":33,"column":31}}},"4":{"name":"(anonymous_7)","decl":{"start":{"line":33,"column":30},"end":{"line":33,"column":31}},"loc":{"start":{"line":33,"column":51},"end":{"line":41,"column":1}}},"5":{"name":"(anonymous_8)","decl":{"start":{"line":43,"column":22},"end":{"line":43,"column":41}},"loc":{"start":{"line":43,"column":47},"end":{"line":43,"column":62}}},"6":{"name":"(anonymous_9)","decl":{"start":{"line":45,"column":22},"end":{"line":45,"column":38}},"loc":{"start":{"line":45,"column":44},"end":{"line":46,"column":5}}},"7":{"name":"(anonymous_10)","decl":{"start":{"line":49,"column":27},"end":{"line":49,"column":29}},"loc":{"start":{"line":49,"column":29},"end":{"line":49,"column":49}}},"8":{"name":"(anonymous_11)","decl":{"start":{"line":49,"column":33},"end":{"line":49,"column":49}},"loc":{"start":{"line":49,"column":55},"end":{"line":49,"column":null}}},"9":{"name":"(anonymous_12)","decl":{"start":{"line":54,"column":49},"end":{"line":54,"column":53}},"loc":{"start":{"line":54,"column":53},"end":{"line":54,"column":61}}},"10":{"name":"(anonymous_13)","decl":{"start":{"line":55,"column":50},"end":{"line":55,"column":54}},"loc":{"start":{"line":55,"column":54},"end":{"line":55,"column":59}}}},"branchMap":{"0":{"loc":{"start":{"line":18,"column":2},"end":{"line":20,"column":null}},"type":"if","locations":[{"start":{"line":18,"column":2},"end":{"line":20,"column":null}},{"start":{"line":18,"column":2},"end":{"line":20,"column":null}}]},"1":{"loc":{"start":{"line":29,"column":6},"end":{"line":29,"column":37}},"type":"cond-expr","locations":[{"start":{"line":29,"column":6},"end":{"line":29,"column":37}},{"start":{"line":30,"column":6},"end":{"line":30,"column":44}}]},"2":{"loc":{"start":{"line":34,"column":2},"end":{"line":39,"column":null}},"type":"if","locations":[{"start":{"line":34,"column":2},"end":{"line":39,"column":null}},{"start":{"line":34,"column":2},"end":{"line":39,"column":null}}]},"3":{"loc":{"start":{"line":46,"column":2},"end":{"line":46,"column":10}},"type":"binary-expr","locations":[{"start":{"line":46,"column":2},"end":{"line":46,"column":10}},{"start":{"line":46,"column":14},"end":{"line":46,"column":33}}]},"4":{"loc":{"start":{"line":51,"column":9},"end":{"line":51,"column":17}},"type":"binary-expr","locations":[{"start":{"line":51,"column":9},"end":{"line":51,"column":17}},{"start":{"line":51,"column":21},"end":{"line":51,"column":63}},{"start":{"line":51,"column":68},"end":{"line":51,"column":70}}]}},"s":{"0":2,"1":2,"2":2,"3":0,"4":0,"5":0,"6":0,"7":0,"8":2,"9":4,"10":1,"11":2,"12":1,"13":1,"14":0,"15":1,"16":2,"17":0,"18":2,"19":2,"20":2,"21":4,"22":0,"23":2,"24":0,"25":2,"26":0},"f":{"0":0,"1":4,"2":1,"3":1,"4":1,"5":0,"6":2,"7":4,"8":0,"9":0,"10":0},"b":{"0":[0,0],"1":[1,0],"2":[0,1],"3":[2,2],"4":[0,0,0]}}
,"/Users/ubear/Workspace/mas/datafiller-data/src/sources.ts": {"path":"/Users/ubear/Workspace/mas/datafiller-data/src/sources.ts","statementMap":{"0":{"start":{"line":43,"column":13},"end":{"line":56,"column":2}},"1":{"start":{"line":60,"column":13},"end":{"line":73,"column":2}},"2":{"start":{"line":75,"column":13},"end":{"line":88,"column":2}},"3":{"start":{"line":90,"column":13},"end":{"line":91,"column":21}},"4":{"start":{"line":91,"column":2},"end":{"line":91,"column":21}},"5":{"start":{"line":93,"column":13},"end":{"line":94,"column":22}},"6":{"start":{"line":94,"column":2},"end":{"line":94,"column":22}}},"fnMap":{"0":{"name":"(anonymous_0)","decl":{"start":{"line":90,"column":32},"end":{"line":90,"column":33}},"loc":{"start":{"line":90,"column":49},"end":{"line":91,"column":15}}},"1":{"name":"(anonymous_1)","decl":{"start":{"line":93,"column":32},"end":{"line":93,"column":33}},"loc":{"start":{"line":93,"column":49},"end":{"line":94,"column":15}}}},"branchMap":{},"s":{"0":2,"1":2,"2":2,"3":2,"4":0,"5":2,"6":0},"f":{"0":0,"1":0},"b":{}}
,"/Users/ubear/Workspace/mas/datafiller-data/src/themes.ts": {"path":"/Users/ubear/Workspace/mas/datafiller-data/src/themes.ts","statementMap":{"0":{"start":{"line":1,"column":0},"end":{"line":1,"column":31}},"1":{"start":{"line":3,"column":0},"end":{"line":3,"column":35}},"2":{"start":{"line":4,"column":0},"end":{"line":4,"column":41}},"3":{"start":{"line":36,"column":17},"end":{"line":36,"column":29}},"4":{"start":{"line":37,"column":28},"end":{"line":37,"column":30}},"5":{"start":{"line":38,"column":2},"end":{"line":42,"column":null}},"6":{"start":{"line":39,"column":17},"end":{"line":39,"column":37}},"7":{"start":{"line":40,"column":4},"end":{"line":40,"column":66}},"8":{"start":{"line":41,"column":4},"end":{"line":41,"column":35}},"9":{"start":{"line":43,"column":2},"end":{"line":43,"column":15}},"10":{"start":{"line":47,"column":2},"end":{"line":50,"column":64}},"11":{"start":{"line":48,"column":20},"end":{"line":48,"column":45}},"12":{"start":{"line":50,"column":12},"end":{"line":50,"column":17}},"13":{"start":{"line":50,"column":19},"end":{"line":50,"column":27}},"14":{"start":{"line":50,"column":34},"end":{"line":50,"column":63}},"15":{"start":{"line":54,"column":28},"end":{"line":57,"column":8}},"16":{"start":{"line":55,"column":4},"end":{"line":55,"column":26}},"17":{"start":{"line":56,"column":4},"end":{"line":56,"column":17}},"18":{"start":{"line":59,"column":2},"end":{"line":72,"column":5}},"19":{"start":{"line":60,"column":24},"end":{"line":60,"column":50}},"20":{"start":{"line":61,"column":21},"end":{"line":61,"column":46}},"21":{"start":{"line":62,"column":4},"end":{"line":71,"column":6}},"22":{"start":{"line":68,"column":30},"end":{"line":68,"column":35}},"23":{"start":{"line":68,"column":37},"end":{"line":68,"column":40}},"24":{"start":{"line":68,"column":47},"end":{"line":68,"column":64}},"25":{"start":{"line":53,"column":0},"end":{"line":53,"column":16}},"26":{"start":{"line":76,"column":19},"end":{"line":78,"column":null}},"27":{"start":{"line":76,"column":8},"end":{"line":78,"column":null}},"28":{"start":{"line":79,"column":43},"end":{"line":79,"column":null}},"29":{"start":{"line":79,"column":8},"end":{"line":79,"column":null}},"30":{"start":{"line":80,"column":2},"end":{"line":80,"column":35}},"31":{"start":{"line":75,"column":0},"end":{"line":75,"column":22}},"32":{"start":{"line":83,"column":0},"end":{"line":90,"column":null}},"33":{"start":{"line":84,"column":2},"end":{"line":89,"column":42}},"34":{"start":{"line":86,"column":6},"end":{"line":86,"column":49}},"35":{"start":{"line":87,"column":6},"end":{"line":87,"column":45}},"36":{"start":{"line":89,"column":20},"end":{"line":89,"column":41}}},"fnMap":{"0":{"name":"getParents","decl":{"start":{"line":35,"column":9},"end":{"line":35,"column":19}},"loc":{"start":{"line":35,"column":57},"end":{"line":44,"column":1}}},"1":{"name":"getChildren","decl":{"start":{"line":46,"column":9},"end":{"line":46,"column":20}},"loc":{"start":{"line":46,"column":56},"end":{"line":51,"column":1}}},"2":{"name":"(anonymous_15)","decl":{"start":{"line":48,"column":12},"end":{"line":48,"column":16}},"loc":{"start":{"line":48,"column":16},"end":{"line":48,"column":24}}},"3":{"name":"(anonymous_16)","decl":{"start":{"line":50,"column":9},"end":{"line":50,"column":10}},"loc":{"start":{"line":50,"column":29},"end":{"line":50,"column":35}}},"4":{"name":"processThemes","decl":{"start":{"line":53,"column":16},"end":{"line":53,"column":29}},"loc":{"start":{"line":53,"column":47},"end":{"line":73,"column":1}}},"5":{"name":"(anonymous_18)","decl":{"start":{"line":54,"column":41},"end":{"line":54,"column":42}},"loc":{"start":{"line":54,"column":53},"end":{"line":57,"column":3}}},"6":{"name":"(anonymous_19)","decl":{"start":{"line":59,"column":19},"end":{"line":59,"column":24}},"loc":{"start":{"line":59,"column":24},"end":{"line":72,"column":3}}},"7":{"name":"(anonymous_20)","decl":{"start":{"line":68,"column":27},"end":{"line":68,"column":28}},"loc":{"start":{"line":68,"column":42},"end":{"line":68,"column":48}}},"8":{"name":"getThemes","decl":{"start":{"line":75,"column":22},"end":{"line":75,"column":31}},"loc":{"start":{"line":75,"column":47},"end":{"line":81,"column":null}}},"9":{"name":"(anonymous_24)","decl":{"start":{"line":85,"column":10},"end":{"line":85,"column":14}},"loc":{"start":{"line":85,"column":14},"end":{"line":88,"column":5}}},"10":{"name":"(anonymous_25)","decl":{"start":{"line":89,"column":11},"end":{"line":89,"column":16}},"loc":{"start":{"line":89,"column":16},"end":{"line":89,"column":27}}}},"branchMap":{"0":{"loc":{"start":{"line":41,"column":15},"end":{"line":41,"column":19}},"type":"binary-expr","locations":[{"start":{"line":41,"column":15},"end":{"line":41,"column":19}},{"start":{"line":41,"column":23},"end":{"line":41,"column":34}}]},"1":{"loc":{"start":{"line":76,"column":19},"end":{"line":78,"column":null}},"type":"switch","locations":[{"start":{"line":76,"column":19},"end":{"line":78,"column":null}}]},"2":{"loc":{"start":{"line":83,"column":0},"end":{"line":90,"column":null}},"type":"if","locations":[{"start":{"line":83,"column":0},"end":{"line":90,"column":null}},{"start":{"line":83,"column":0},"end":{"line":90,"column":null}}]}},"s":{"0":1,"1":1,"2":1,"3":4,"4":4,"5":4,"6":2,"7":2,"8":2,"9":4,"10":4,"11":16,"12":2,"13":2,"14":2,"15":1,"16":4,"17":4,"18":1,"19":4,"20":4,"21":4,"22":4,"23":4,"24":4,"25":1,"26":0,"27":0,"28":0,"29":0,"30":0,"31":1,"32":1,"33":0,"34":0,"35":0,"36":0},"f":{"0":4,"1":4,"2":16,"3":2,"4":1,"5":4,"6":4,"7":4,"8":0,"9":0,"10":0},"b":{"0":[2,2],"1":[0],"2":[0,1]}}
,"/Users/ubear/Workspace/mas/datafiller-data/src/variants.ts": {"path":"/Users/ubear/Workspace/mas/datafiller-data/src/variants.ts","statementMap":{"0":{"start":{"line":3,"column":4},"end":{"line":4,"column":6}},"1":{"start":{"line":3,"column":61},"end":{"line":3,"column":76}},"2":{"start":{"line":5,"column":19},"end":{"line":7,"column":20}},"3":{"start":{"line":8,"column":2},"end":{"line":8,"column":32}},"4":{"start":{"line":1,"column":0},"end":{"line":1,"column":16}}},"fnMap":{"0":{"name":"getVariants","decl":{"start":{"line":1,"column":16},"end":{"line":1,"column":27}},"loc":{"start":{"line":1,"column":49},"end":{"line":9,"column":1}}},"1":{"name":"(anonymous_3)","decl":{"start":{"line":3,"column":50},"end":{"line":3,"column":57}},"loc":{"start":{"line":3,"column":57},"end":{"line":3,"column":68}}}},"branchMap":{"0":{"loc":{"start":{"line":3,"column":5},"end":{"line":3,"column":17}},"type":"binary-expr","locations":[{"start":{"line":3,"column":5},"end":{"line":3,"column":17}},{"start":{"line":3,"column":21},"end":{"line":3,"column":76}},{"start":{"line":4,"column":4},"end":{"line":4,"column":6}}]},"1":{"loc":{"start":{"line":5,"column":20},"end":{"line":5,"column":29}},"type":"binary-expr","locations":[{"start":{"line":5,"column":20},"end":{"line":5,"column":29}},{"start":{"line":5,"column":33},"end":{"line":5,"column":67}}]}},"s":{"0":5,"1":5,"2":5,"3":5,"4":2},"f":{"0":5,"1":5},"b":{"0":[5,2,3],"1":[5,5]}}
}
