TN:
SF:src/agreements.ts
FN:19,processAgreements
FN:23,(anonymous_14)
FN:25,(anonymous_15)
FN:27,(anonymous_16)
FN:30,getAgreementArticles
FN:42,(anonymous_20)
FN:46,(anonymous_21)
FNF:7
FNH:4
FNDA:1,processAgreements
FNDA:3,(anonymous_14)
FNDA:2,(anonymous_15)
FNDA:3,(anonymous_16)
FNDA:0,getAgreementArticles
FNDA:0,(anonymous_20)
FNDA:0,(anonymous_21)
DA:1,1
DA:19,1
DA:22,1
DA:23,3
DA:25,2
DA:27,3
DA:30,1
DA:33,0
DA:36,0
DA:37,0
DA:40,1
DA:41,0
DA:43,0
DA:44,0
DA:46,0
LF:15
LH:8
BRDA:25,0,0,3
BRDA:25,0,1,0
BRDA:33,1,0,0
BRDA:40,2,0,0
BRDA:40,2,1,1
BRF:5
BRH:2
end_of_record
TN:
SF:src/decodeHtml.ts
FN:17,decodeHTML
FN:20,(anonymous_1)
FNF:2
FNH:0
FNDA:0,decodeHTML
FNDA:0,(anonymous_1)
DA:4,1
DA:17,1
DA:18,0
DA:20,0
LF:4
LH:2
BRDA:20,0,0,0
BRDA:20,0,1,0
BRF:2
BRH:0
end_of_record
TN:
SF:src/externalDocs.ts
FN:13,processExternalDocs
FN:15,(anonymous_16)
FN:19,(anonymous_17)
FN:22,(anonymous_18)
FN:25,getExternalDocUrl
FN:37,(anonymous_22)
FN:41,(anonymous_23)
FNF:7
FNH:4
FNDA:1,processExternalDocs
FNDA:2,(anonymous_16)
FNDA:10,(anonymous_17)
FNDA:2,(anonymous_18)
FNDA:0,getExternalDocUrl
FNDA:0,(anonymous_22)
FNDA:0,(anonymous_23)
DA:1,1
DA:13,1
DA:14,1
DA:15,2
DA:19,10
DA:22,2
DA:25,1
DA:28,0
DA:31,0
DA:32,0
DA:35,1
DA:36,0
DA:38,0
DA:39,0
DA:41,0
LF:15
LH:8
BRDA:28,0,0,0
BRDA:35,1,0,0
BRDA:35,1,1,1
BRF:3
BRH:1
end_of_record
TN:
SF:src/glossary.ts
FN:24,processGlossary
FN:26,(anonymous_16)
FN:27,(anonymous_17)
FN:34,(anonymous_18)
FN:45,(anonymous_19)
FN:50,getGlossary
FN:60,(anonymous_23)
FN:64,(anonymous_24)
FNF:8
FNH:5
FNDA:1,processGlossary
FNDA:3,(anonymous_16)
FNDA:2,(anonymous_17)
FNDA:8,(anonymous_18)
FNDA:1,(anonymous_19)
FNDA:0,getGlossary
FNDA:0,(anonymous_23)
FNDA:0,(anonymous_24)
DA:1,1
DA:2,1
DA:3,1
DA:6,1
DA:24,1
DA:25,1
DA:26,3
DA:27,2
DA:34,8
DA:45,1
DA:46,1
DA:50,1
DA:51,0
DA:54,0
DA:55,0
DA:58,1
DA:59,0
DA:61,0
DA:62,0
DA:64,0
LF:20
LH:13
BRDA:26,0,0,3
BRDA:26,0,1,2
BRDA:32,1,0,2
BRDA:32,1,1,0
BRDA:51,2,0,0
BRDA:58,3,0,0
BRDA:58,3,1,1
BRF:7
BRH:4
end_of_record
TN:
SF:src/savedRequests.ts
FN:19,(anonymous_13)
FN:22,getPageTitle
FN:24,(anonymous_17)
FN:36,getTitle
FN:46,fixRefsTitles
FN:54,processRequests
FN:57,(anonymous_25)
FN:57,(anonymous_26)
FN:63,(anonymous_28)
FN:72,getSavedRequests
FN:84,(anonymous_32)
FN:88,(anonymous_33)
FNF:12
FNH:7
FNDA:4,(anonymous_13)
FNDA:0,getPageTitle
FNDA:0,(anonymous_17)
FNDA:2,getTitle
FNDA:2,fixRefsTitles
FNDA:1,processRequests
FNDA:1,(anonymous_25)
FNDA:1,(anonymous_26)
FNDA:3,(anonymous_28)
FNDA:0,getSavedRequests
FNDA:0,(anonymous_32)
FNDA:0,(anonymous_33)
DA:1,1
DA:3,1
DA:4,1
DA:5,1
DA:19,4
DA:24,0
DA:25,0
DA:26,0
DA:27,0
DA:30,0
DA:31,0
DA:33,0
DA:37,2
DA:38,2
DA:40,0
DA:41,0
DA:43,0
DA:47,2
DA:49,2
DA:54,1
DA:57,1
DA:58,1
DA:61,1
DA:63,3
DA:69,1
DA:72,1
DA:75,0
DA:78,0
DA:79,0
DA:82,1
DA:83,0
DA:85,0
DA:86,0
DA:88,0
LF:34
LH:17
BRDA:19,0,0,4
BRDA:19,0,1,0
BRDA:33,1,0,0
BRDA:26,2,0,0
BRDA:26,2,1,0
BRDA:37,3,0,2
BRDA:37,3,1,0
BRDA:40,4,0,0
BRDA:40,4,1,0
BRDA:40,5,0,0
BRDA:40,5,1,0
BRDA:47,6,0,2
BRDA:58,7,0,1
BRDA:75,8,0,0
BRDA:82,9,0,0
BRDA:82,9,1,1
BRF:16
BRH:5
end_of_record
TN:
SF:src/sort.ts
FN:16,(anonymous_3)
FN:24,(anonymous_4)
FN:24,(anonymous_5)
FN:33,(anonymous_6)
FN:33,(anonymous_7)
FN:43,(anonymous_8)
FN:45,(anonymous_9)
FN:49,(anonymous_10)
FN:49,(anonymous_11)
FN:54,(anonymous_12)
FN:55,(anonymous_13)
FNF:11
FNH:6
FNDA:0,(anonymous_3)
FNDA:4,(anonymous_4)
FNDA:1,(anonymous_5)
FNDA:1,(anonymous_6)
FNDA:1,(anonymous_7)
FNDA:0,(anonymous_8)
FNDA:2,(anonymous_9)
FNDA:4,(anonymous_10)
FNDA:0,(anonymous_11)
FNDA:0,(anonymous_12)
FNDA:0,(anonymous_13)
DA:1,2
DA:9,2
DA:16,2
DA:17,0
DA:18,0
DA:19,0
DA:21,0
DA:24,4
DA:28,1
DA:33,2
DA:34,1
DA:35,0
DA:40,1
DA:43,2
DA:45,2
DA:46,2
DA:49,4
DA:54,2
DA:55,2
LF:19
LH:14
BRDA:18,0,0,0
BRDA:18,0,1,0
BRDA:29,1,0,1
BRDA:29,1,1,0
BRDA:34,2,0,0
BRDA:34,2,1,1
BRDA:46,3,0,2
BRDA:46,3,1,2
BRDA:51,4,0,0
BRDA:51,4,1,0
BRDA:51,4,2,0
BRF:11
BRH:4
end_of_record
TN:
SF:src/sources.ts
FN:90,(anonymous_0)
FN:93,(anonymous_1)
FNF:2
FNH:0
FNDA:0,(anonymous_0)
FNDA:0,(anonymous_1)
DA:43,2
DA:60,2
DA:75,2
DA:90,2
DA:91,0
DA:93,2
DA:94,0
LF:7
LH:5
BRF:0
BRH:0
end_of_record
TN:
SF:src/themes.ts
FN:35,getParents
FN:46,getChildren
FN:48,(anonymous_15)
FN:50,(anonymous_16)
FN:53,processThemes
FN:54,(anonymous_18)
FN:59,(anonymous_19)
FN:68,(anonymous_20)
FN:75,getThemes
FN:85,(anonymous_24)
FN:89,(anonymous_25)
FNF:11
FNH:8
FNDA:4,getParents
FNDA:4,getChildren
FNDA:16,(anonymous_15)
FNDA:2,(anonymous_16)
FNDA:1,processThemes
FNDA:4,(anonymous_18)
FNDA:4,(anonymous_19)
FNDA:4,(anonymous_20)
FNDA:0,getThemes
FNDA:0,(anonymous_24)
FNDA:0,(anonymous_25)
DA:1,1
DA:3,1
DA:4,1
DA:36,4
DA:37,4
DA:38,4
DA:39,2
DA:40,2
DA:41,2
DA:43,4
DA:47,4
DA:48,16
DA:50,2
DA:53,1
DA:54,1
DA:55,4
DA:56,4
DA:59,1
DA:60,4
DA:61,4
DA:62,4
DA:68,4
DA:75,1
DA:76,0
DA:79,0
DA:80,0
DA:83,1
DA:84,0
DA:86,0
DA:87,0
DA:89,0
LF:31
LH:24
BRDA:41,0,0,2
BRDA:41,0,1,2
BRDA:76,1,0,0
BRDA:83,2,0,0
BRDA:83,2,1,1
BRF:5
BRH:3
end_of_record
TN:
SF:src/variants.ts
FN:1,getVariants
FN:3,(anonymous_3)
FNF:2
FNH:2
FNDA:5,getVariants
FNDA:5,(anonymous_3)
DA:1,2
DA:3,5
DA:5,5
DA:8,5
LF:4
LH:4
BRDA:3,0,0,5
BRDA:3,0,1,2
BRDA:3,0,2,3
BRDA:5,1,0,5
BRDA:5,1,1,5
BRF:5
BRH:5
end_of_record
